<!DOCTYPE html PUBLIC "-//W3C//DTD XHTML 1.1//EN" "http://www.w3.org/TR/xhtml11/DTD/xhtml11.dtd">
<html xmlns="http://www.w3.org/1999/xhtml">
<head>
<title>TestNG Report</title>
<style type="text/css">
table {margin-bottom:10px;border-collapse:collapse;empty-cells:show}
td,th {border:1px solid #009;padding:.25em .5em}
.result th {vertical-align:bottom}
.param th {padding-left:1em;padding-right:1em}
.param td {padding-left:.5em;padding-right:2em}
.stripe td,.stripe th {background-color: #E6EBF9}
.numi,.numi_attn {text-align:right}
.total td {font-weight:bold}
.passedodd td {background-color: #0A0}
.passedeven td {background-color: #3F3}
.skippedodd td {background-color: #CCC}
.skippedodd td {background-color: #DDD}
.failedodd td,.numi_attn {background-color: #F33}
.failedeven td,.stripe .numi_attn {background-color: #D00}
.stacktrace {white-space:pre;font-family:monospace}
.totop {font-size:85%;text-align:center;border-bottom:2px solid #000}
</style>
</head>
<body>
<table cellspacing="0" cellpadding="0" class="testOverview">
<tr><th>Test</th><th># passed</th><th># skipped</th><th># failed</th><th>Start<br/>Time</th><th>End<br/>Time</th><th>Total<br/>Time(hh:mm:ss)</th><th>Included<br/>Groups</th><th>Excluded<br/>Groups</th></tr>
<tr><th colspan="10">Suite</th></tr>
<tr><td style="text-align:left;padding-right:2em"><a href="#t1"><b>Universal Settings</b></a></td><td class="numi">6</td><td class="numi">0</td><td class="numi_attn">1</td><td class="numi">14:16:17</td></td>
<td class="numi">14:17:03</td></td>
<td class="numi">00:00:45</td><td class="numi"></td><td class="numi"></td></tr>
</table>
<table cellspacing="0" cellpadding="0" class="methodOverview" id="summary">
<tr><th>Class</th><th>Method</th><th>Exception & screenshot</th><th>Start Time </th><th>Time<br/>(hh:mm:ss)</th></tr>
<tr><th colspan="5">Suite</th></tr>
<tr id="t1"><th colspan="5">Universal Settings &#8212; failed</th></tr>
<tr class="failedodd"><td>com.eDocs.SanityTesting.UniversalSettings</td><td><a href="#m1"><b>ResidueLimitSAVE</b>  </a></td><td class="numi" style="text-align:left;padding-right:2em">org.openqa.selenium.NoSuchElementException: Unable to locate element: #defaultsa1<br/><a href='file://C:\Users\Easy solutions\git\CV-Docs Maven\CVeDocsMaven\screenshots\LatestResults\UniversalSettings\ResidueLimitSAVE.png'> <img width='100' height='100' src='file://C:\Users\Easy solutions\git\CV-Docs Maven\CVeDocsMaven\screenshots\LatestResults\UniversalSettings\ResidueLimitSAVE.png'> </a><br/></td><td style="text-align:right">14:16:26</td><td class="numi">00:00:06</td></tr>
<tr><th colspan="5">Universal Settings &#8212; passed</th></tr>
<tr class="passedodd"><td rowspan="6">com.eDocs.SanityTesting.UniversalSettings</td><td><a href="#m2"><b>GeneralSettings</b>  </a></td><td class="numi" style="text-align:left;padding-right:2em"><br/></td><td style="text-align:right">14:16:33</td><td class="numi">00:00:09</td></tr><tr class="passedodd"><td><a href="#m3"><b>Login</b>  </a></td><td class="numi" style="text-align:left;padding-right:2em"><br/></td><td style="text-align:right">14:16:19</td><td class="numi">00:00:07</td></tr><tr class="passedodd"><td><a href="#m4"><b>SampleLocation</b>  </a></td><td class="numi" style="text-align:left;padding-right:2em"><br/></td><td style="text-align:right">14:16:50</td><td class="numi">00:00:04</td></tr><tr class="passedodd"><td><a href="#m5"><b>SiteMap</b>  </a></td><td class="numi" style="text-align:left;padding-right:2em"><br/></td><td style="text-align:right">14:16:42</td><td class="numi">00:00:08</td></tr><tr class="passedodd"><td><a href="#m6"><b>microbialLimit</b>  </a></td><td class="numi" style="text-align:left;padding-right:2em"><br/></td><td style="text-align:right">14:16:58</td><td class="numi">00:00:05</td></tr><tr class="passedodd"><td><a href="#m7"><b>productgrouping</b>  </a></td><td class="numi" style="text-align:left;padding-right:2em"><br/></td><td style="text-align:right">14:16:54</td><td class="numi">00:00:04</td></tr>
</table>
<h1>Universal Settings</h1>
<h2 id="m1">com.eDocs.SanityTesting.UniversalSettings:ResidueLimitSAVE</h2>
<div>
<h3>Test Messages</h3>
<a href='file://C:\Users\Easy solutions\git\CV-Docs Maven\CVeDocsMaven\screenshots\LatestResults\UniversalSettings\ResidueLimitSAVE.png'> <img width='100' height='100' src='file://C:\Users\Easy solutions\git\CV-Docs Maven\CVeDocsMaven\screenshots\LatestResults\UniversalSettings\ResidueLimitSAVE.png'> </a><br/>
<h3>Failure</h3>
<div class="stacktrace">org.openqa.selenium.NoSuchElementException: Unable to locate element: #defaultsa1
For documentation on this error, please visit: http://seleniumhq.org/exceptions/no_such_element.html
Build info: version: &apos;3.14.0&apos;, revision: &apos;aacccce0&apos;, time: &apos;2018-08-02T20:19:58.91Z&apos;
System info: host: &apos;EZS013&apos;, ip: &apos;192.168.1.45&apos;, os.name: &apos;Windows 8.1&apos;, os.arch: &apos;amd64&apos;, os.version: &apos;6.3&apos;, java.version: &apos;1.8.0_05&apos;
Driver info: org.openqa.selenium.firefox.FirefoxDriver
Capabilities {acceptInsecureCerts: true, browserName: firefox, browserVersion: 56.0, javascriptEnabled: true, moz:accessibilityChecks: false, moz:headless: false, moz:processID: 17664, moz:profile: C:\Users\Easy solutions\App..., pageLoadStrategy: normal, platform: XP, platformName: XP, platformVersion: 10.0, rotatable: false, specificationLevel: 0, timeouts: {implicit: 0, pageLoad: 300000, script: 30000}}
Session ID: 45f803b5-349f-4552-928e-577ea9103f1d
*** Element info: {Using=id, value=defaultsa1}
	at org.openqa.selenium.remote.http.W3CHttpResponseCodec.createException(W3CHttpResponseCodec.java:187)
	at org.openqa.selenium.remote.http.W3CHttpResponseCodec.decode(W3CHttpResponseCodec.java:122)
	at org.openqa.selenium.remote.http.W3CHttpResponseCodec.decode(W3CHttpResponseCodec.java:49)
	at org.openqa.selenium.remote.HttpCommandExecutor.execute(HttpCommandExecutor.java:158)
	at org.openqa.selenium.remote.service.DriverCommandExecutor.execute(DriverCommandExecutor.java:83)
	at org.openqa.selenium.remote.RemoteWebDriver.execute(RemoteWebDriver.java:548)
	at org.openqa.selenium.remote.RemoteWebDriver.findElement(RemoteWebDriver.java:322)
	at org.openqa.selenium.remote.RemoteWebDriver.findElementById(RemoteWebDriver.java:368)
	at org.openqa.selenium.By$ById.findElement(By.java:188)
	at org.openqa.selenium.remote.RemoteWebDriver.findElement(RemoteWebDriver.java:314)
	at com.eDocs.SanityTesting.UniversalSettings.ResidueLimitSAVE(UniversalSettings.java:110)
... Removed 29 stack frames</div>
</div>
<p class="totop"><a href="#summary">back to summary</a></p>
<h2 id="m2">com.eDocs.SanityTesting.UniversalSettings:GeneralSettings</h2>
<p class="totop"><a href="#summary">back to summary</a></p>
<h2 id="m3">com.eDocs.SanityTesting.UniversalSettings:Login</h2>
<p class="totop"><a href="#summary">back to summary</a></p>
<h2 id="m4">com.eDocs.SanityTesting.UniversalSettings:SampleLocation</h2>
<p class="totop"><a href="#summary">back to summary</a></p>
<h2 id="m5">com.eDocs.SanityTesting.UniversalSettings:SiteMap</h2>
<p class="totop"><a href="#summary">back to summary</a></p>
<h2 id="m6">com.eDocs.SanityTesting.UniversalSettings:microbialLimit</h2>
<p class="totop"><a href="#summary">back to summary</a></p>
<h2 id="m7">com.eDocs.SanityTesting.UniversalSettings:productgrouping</h2>
<p class="totop"><a href="#summary">back to summary</a></p>
<center> Report customized </center>
</body></html>
