<!DOCTYPE html PUBLIC "-//W3C//DTD XHTML 1.1//EN" "http://www.w3.org/TR/xhtml11/DTD/xhtml11.dtd">
<html xmlns="http://www.w3.org/1999/xhtml">
<head>
<meta http-equiv="content-type" content="text/html; charset=UTF-8"/>
<title>TestNG Report</title>
<style type="text/css">table {margin-bottom:10px;border-collapse:collapse;empty-cells:show}th,td {border:1px solid #009;padding:.25em .5em}th {vertical-align:bottom}td {vertical-align:top}table a {font-weight:bold}.stripe td {background-color: #E6EBF9}.num {text-align:right}.passedodd td {background-color: #3F3}.passedeven td {background-color: #0A0}.skippedodd td {background-color: #DDD}.skippedeven td {background-color: #CCC}.failedodd td,.attn {background-color: #F33}.failedeven td,.stripe .attn {background-color: #D00}.stacktrace {white-space:pre;font-family:monospace}.totop {font-size:85%;text-align:center;border-bottom:2px solid #000}.invisible {display:none}</style>
</head>
<body>
<table>
<tr><th>Test</th><th># Passed</th><th># Skipped</th><th># Failed</th><th>Time (ms)</th><th>Included Groups</th><th>Excluded Groups</th></tr>
<tr><th colspan="7">Suite</th></tr>
<tr><td><a href="#t0">Universal Settings</a></td><td class="num">1</td><td class="num">0</td><td class="num attn">6</td><td class="num">36,369</td><td></td><td></td></tr>
</table>
<table id='summary'><thead><tr><th>Class</th><th>Method</th><th>Start</th><th>Time (ms)</th></tr></thead><tbody><tr><th colspan="4">Suite</th></tr></tbody><tbody id="t0"><tr><th colspan="4">Universal Settings &#8212; failed</th></tr><tr class="failedeven"><td rowspan="6">com.eDocs.SanityTesting.UniversalSettings</td><td><a href="#m0">GeneralSettings</a></td><td rowspan="1">1534852630143</td><td rowspan="1">8097</td></tr><tr class="failedeven"><td><a href="#m1">ResidueLimitSAVE</a></td><td rowspan="1">1534852620306</td><td rowspan="1">9745</td></tr><tr class="failedeven"><td><a href="#m2">SampleLocation</a></td><td rowspan="1">1534852645159</td><td rowspan="1">1012</td></tr><tr class="failedeven"><td><a href="#m3">SiteMap</a></td><td rowspan="1">1534852638343</td><td rowspan="1">6797</td></tr><tr class="failedeven"><td><a href="#m4">microbialLimit</a></td><td rowspan="1">1534852647238</td><td rowspan="1">1015</td></tr><tr class="failedeven"><td><a href="#m5">productgrouping</a></td><td rowspan="1">1534852646193</td><td rowspan="1">1017</td></tr><tr><th colspan="4">Universal Settings &#8212; passed</th></tr><tr class="passedeven"><td rowspan="1">com.eDocs.SanityTesting.UniversalSettings</td><td><a href="#m6">Login</a></td><td rowspan="1">1534852613082</td><td rowspan="1">7217</td></tr></tbody>
</table>
<h2>Universal Settings</h2><h3 id="m0">com.eDocs.SanityTesting.UniversalSettings#GeneralSettings</h3><table class="result"><tr><th>Messages</th></tr><tr><td><div class="messages"><a href='file://D:\Maven CV Docs\CVeDocsMaven\screenshots\LatestResults\UniversalSettings\GeneralSettings.png'> <img width='100' height='100' src='file://D:\Maven CV Docs\CVeDocsMaven\screenshots\LatestResults\UniversalSettings\GeneralSettings.png'> </a></div></td></tr><tr><th>Exception</th></tr><tr><td><div class="stacktrace">java.lang.AssertionError: expected [General Preferences was saved successfully] but found [Enter Password]
	at com.eDocs.SanityTesting.UniversalSettings.GeneralSettings(UniversalSettings.java:271)
... Removed 31 stack frames</div></td></tr></table><p class="totop"><a href="#summary">back to summary</a></p>
<h3 id="m1">com.eDocs.SanityTesting.UniversalSettings#ResidueLimitSAVE</h3><table class="result"><tr><th>Messages</th></tr><tr><td><div class="messages"><a href='file://D:\Maven CV Docs\CVeDocsMaven\screenshots\LatestResults\UniversalSettings\ResidueLimitSAVE.png'> <img width='100' height='100' src='file://D:\Maven CV Docs\CVeDocsMaven\screenshots\LatestResults\UniversalSettings\ResidueLimitSAVE.png'> </a></div></td></tr><tr><th>Exception</th></tr><tr><td><div class="stacktrace">org.openqa.selenium.NoSuchElementException: Unable to locate element: #valueForSameProductsForSolventUsed1
For documentation on this error, please visit: http://seleniumhq.org/exceptions/no_such_element.html
Build info: version: &apos;3.12.0&apos;, revision: &apos;7c6e0b3&apos;, time: &apos;2018-05-08T15:15:03.216Z&apos;
System info: host: &apos;EZS013&apos;, ip: &apos;192.168.1.45&apos;, os.name: &apos;Windows 8.1&apos;, os.arch: &apos;amd64&apos;, os.version: &apos;6.3&apos;, java.version: &apos;1.8.0_05&apos;
Driver info: org.openqa.selenium.firefox.FirefoxDriver
Capabilities {acceptInsecureCerts: true, browserName: firefox, browserVersion: 56.0, javascriptEnabled: true, moz:accessibilityChecks: false, moz:headless: false, moz:processID: 10840, moz:profile: C:\Users\Easy solutions\App..., pageLoadStrategy: normal, platform: XP, platformName: XP, platformVersion: 10.0, rotatable: false, specificationLevel: 0, timeouts: {implicit: 0, pageLoad: 300000, script: 30000}}
Session ID: 8b8782eb-8cf7-4069-97c5-740818ea8be0
*** Element info: {Using=id, value=valueForSameProductsForSolventUsed1}
	at org.openqa.selenium.remote.http.W3CHttpResponseCodec.createException(W3CHttpResponseCodec.java:187)
	at org.openqa.selenium.remote.http.W3CHttpResponseCodec.decode(W3CHttpResponseCodec.java:122)
	at org.openqa.selenium.remote.http.W3CHttpResponseCodec.decode(W3CHttpResponseCodec.java:49)
	at org.openqa.selenium.remote.HttpCommandExecutor.execute(HttpCommandExecutor.java:158)
	at org.openqa.selenium.remote.service.DriverCommandExecutor.execute(DriverCommandExecutor.java:83)
	at org.openqa.selenium.remote.RemoteWebDriver.execute(RemoteWebDriver.java:543)
	at org.openqa.selenium.remote.RemoteWebDriver.findElement(RemoteWebDriver.java:317)
	at org.openqa.selenium.remote.RemoteWebDriver.findElementById(RemoteWebDriver.java:363)
	at org.openqa.selenium.By$ById.findElement(By.java:188)
	at org.openqa.selenium.remote.RemoteWebDriver.findElement(RemoteWebDriver.java:309)
	at com.eDocs.SanityTesting.UniversalSettings.ResidueLimitSAVE(UniversalSettings.java:149)
... Removed 29 stack frames</div></td></tr></table><p class="totop"><a href="#summary">back to summary</a></p>
<h3 id="m2">com.eDocs.SanityTesting.UniversalSettings#SampleLocation</h3><table class="result"><tr><th>Messages</th></tr><tr><td><div class="messages"><a href='file://D:\Maven CV Docs\CVeDocsMaven\screenshots\LatestResults\UniversalSettings\null'> <img width='100' height='100' src='file://D:\Maven CV Docs\CVeDocsMaven\screenshots\LatestResults\UniversalSettings\null'> </a></div></td></tr><tr><th>Exception</th></tr><tr><td><div class="stacktrace">org.openqa.selenium.SessionNotCreatedException: Tried to run command without establishing a connection
Build info: version: &apos;3.12.0&apos;, revision: &apos;7c6e0b3&apos;, time: &apos;2018-05-08T15:15:03.216Z&apos;
System info: host: &apos;EZS013&apos;, ip: &apos;192.168.1.45&apos;, os.name: &apos;Windows 8.1&apos;, os.arch: &apos;amd64&apos;, os.version: &apos;6.3&apos;, java.version: &apos;1.8.0_05&apos;
Driver info: org.openqa.selenium.firefox.FirefoxDriver
Capabilities {acceptInsecureCerts: true, browserName: firefox, browserVersion: 56.0, javascriptEnabled: true, moz:accessibilityChecks: false, moz:headless: false, moz:processID: 10840, moz:profile: C:\Users\Easy solutions\App..., pageLoadStrategy: normal, platform: XP, platformName: XP, platformVersion: 10.0, rotatable: false, specificationLevel: 0, timeouts: {implicit: 0, pageLoad: 300000, script: 30000}}
Session ID: 8b8782eb-8cf7-4069-97c5-740818ea8be0
	at org.openqa.selenium.remote.http.W3CHttpResponseCodec.createException(W3CHttpResponseCodec.java:187)
	at org.openqa.selenium.remote.http.W3CHttpResponseCodec.decode(W3CHttpResponseCodec.java:122)
	at org.openqa.selenium.remote.http.W3CHttpResponseCodec.decode(W3CHttpResponseCodec.java:49)
	at org.openqa.selenium.remote.HttpCommandExecutor.execute(HttpCommandExecutor.java:158)
	at org.openqa.selenium.remote.service.DriverCommandExecutor.execute(DriverCommandExecutor.java:83)
	at org.openqa.selenium.remote.RemoteWebDriver.execute(RemoteWebDriver.java:543)
	at org.openqa.selenium.remote.RemoteWebDriver.get(RemoteWebDriver.java:271)
	at com.eDocs.SanityTesting.UniversalSettings.SampleLocation(UniversalSettings.java:401)
... Removed 29 stack frames</div></td></tr></table><p class="totop"><a href="#summary">back to summary</a></p>
<h3 id="m3">com.eDocs.SanityTesting.UniversalSettings#SiteMap</h3><table class="result"><tr><th>Messages</th></tr><tr><td><div class="messages"><a href='file://D:\Maven CV Docs\CVeDocsMaven\screenshots\LatestResults\UniversalSettings\null'> <img width='100' height='100' src='file://D:\Maven CV Docs\CVeDocsMaven\screenshots\LatestResults\UniversalSettings\null'> </a></div></td></tr><tr><th>Exception</th></tr><tr><td><div class="stacktrace">org.openqa.selenium.WebDriverException: Failed to decode response from marionette
Build info: version: &apos;3.12.0&apos;, revision: &apos;7c6e0b3&apos;, time: &apos;2018-05-08T15:15:03.216Z&apos;
System info: host: &apos;EZS013&apos;, ip: &apos;192.168.1.45&apos;, os.name: &apos;Windows 8.1&apos;, os.arch: &apos;amd64&apos;, os.version: &apos;6.3&apos;, java.version: &apos;1.8.0_05&apos;
Driver info: org.openqa.selenium.firefox.FirefoxDriver
Capabilities {acceptInsecureCerts: true, browserName: firefox, browserVersion: 56.0, javascriptEnabled: true, moz:accessibilityChecks: false, moz:headless: false, moz:processID: 10840, moz:profile: C:\Users\Easy solutions\App..., pageLoadStrategy: normal, platform: XP, platformName: XP, platformVersion: 10.0, rotatable: false, specificationLevel: 0, timeouts: {implicit: 0, pageLoad: 300000, script: 30000}}
Session ID: 8b8782eb-8cf7-4069-97c5-740818ea8be0
*** Element info: {Using=id, value=uploadSiteImages}
	at org.openqa.selenium.remote.http.W3CHttpResponseCodec.createException(W3CHttpResponseCodec.java:187)
	at org.openqa.selenium.remote.http.W3CHttpResponseCodec.decode(W3CHttpResponseCodec.java:122)
	at org.openqa.selenium.remote.http.W3CHttpResponseCodec.decode(W3CHttpResponseCodec.java:49)
	at org.openqa.selenium.remote.HttpCommandExecutor.execute(HttpCommandExecutor.java:158)
	at org.openqa.selenium.remote.service.DriverCommandExecutor.execute(DriverCommandExecutor.java:83)
	at org.openqa.selenium.remote.RemoteWebDriver.execute(RemoteWebDriver.java:543)
	at org.openqa.selenium.remote.RemoteWebDriver.findElement(RemoteWebDriver.java:317)
	at org.openqa.selenium.remote.RemoteWebDriver.findElementById(RemoteWebDriver.java:363)
	at org.openqa.selenium.By$ById.findElement(By.java:188)
	at org.openqa.selenium.remote.RemoteWebDriver.findElement(RemoteWebDriver.java:309)
	at com.eDocs.SanityTesting.UniversalSettings.SiteMap(UniversalSettings.java:294)
... Removed 29 stack frames</div></td></tr></table><p class="totop"><a href="#summary">back to summary</a></p>
<h3 id="m4">com.eDocs.SanityTesting.UniversalSettings#microbialLimit</h3><table class="result"><tr><th>Messages</th></tr><tr><td><div class="messages"><a href='file://D:\Maven CV Docs\CVeDocsMaven\screenshots\LatestResults\UniversalSettings\null'> <img width='100' height='100' src='file://D:\Maven CV Docs\CVeDocsMaven\screenshots\LatestResults\UniversalSettings\null'> </a></div></td></tr><tr><th>Exception</th></tr><tr><td><div class="stacktrace">org.openqa.selenium.SessionNotCreatedException: Tried to run command without establishing a connection
Build info: version: &apos;3.12.0&apos;, revision: &apos;7c6e0b3&apos;, time: &apos;2018-05-08T15:15:03.216Z&apos;
System info: host: &apos;EZS013&apos;, ip: &apos;192.168.1.45&apos;, os.name: &apos;Windows 8.1&apos;, os.arch: &apos;amd64&apos;, os.version: &apos;6.3&apos;, java.version: &apos;1.8.0_05&apos;
Driver info: org.openqa.selenium.firefox.FirefoxDriver
Capabilities {acceptInsecureCerts: true, browserName: firefox, browserVersion: 56.0, javascriptEnabled: true, moz:accessibilityChecks: false, moz:headless: false, moz:processID: 10840, moz:profile: C:\Users\Easy solutions\App..., pageLoadStrategy: normal, platform: XP, platformName: XP, platformVersion: 10.0, rotatable: false, specificationLevel: 0, timeouts: {implicit: 0, pageLoad: 300000, script: 30000}}
Session ID: 8b8782eb-8cf7-4069-97c5-740818ea8be0
	at org.openqa.selenium.remote.http.W3CHttpResponseCodec.createException(W3CHttpResponseCodec.java:187)
	at org.openqa.selenium.remote.http.W3CHttpResponseCodec.decode(W3CHttpResponseCodec.java:122)
	at org.openqa.selenium.remote.http.W3CHttpResponseCodec.decode(W3CHttpResponseCodec.java:49)
	at org.openqa.selenium.remote.HttpCommandExecutor.execute(HttpCommandExecutor.java:158)
	at org.openqa.selenium.remote.service.DriverCommandExecutor.execute(DriverCommandExecutor.java:83)
	at org.openqa.selenium.remote.RemoteWebDriver.execute(RemoteWebDriver.java:543)
	at org.openqa.selenium.remote.RemoteWebDriver.get(RemoteWebDriver.java:271)
	at com.eDocs.SanityTesting.UniversalSettings.microbialLimit(UniversalSettings.java:618)
... Removed 29 stack frames</div></td></tr></table><p class="totop"><a href="#summary">back to summary</a></p>
<h3 id="m5">com.eDocs.SanityTesting.UniversalSettings#productgrouping</h3><table class="result"><tr><th>Messages</th></tr><tr><td><div class="messages"><a href='file://D:\Maven CV Docs\CVeDocsMaven\screenshots\LatestResults\UniversalSettings\null'> <img width='100' height='100' src='file://D:\Maven CV Docs\CVeDocsMaven\screenshots\LatestResults\UniversalSettings\null'> </a></div></td></tr><tr><th>Exception</th></tr><tr><td><div class="stacktrace">org.openqa.selenium.SessionNotCreatedException: Tried to run command without establishing a connection
Build info: version: &apos;3.12.0&apos;, revision: &apos;7c6e0b3&apos;, time: &apos;2018-05-08T15:15:03.216Z&apos;
System info: host: &apos;EZS013&apos;, ip: &apos;192.168.1.45&apos;, os.name: &apos;Windows 8.1&apos;, os.arch: &apos;amd64&apos;, os.version: &apos;6.3&apos;, java.version: &apos;1.8.0_05&apos;
Driver info: org.openqa.selenium.firefox.FirefoxDriver
Capabilities {acceptInsecureCerts: true, browserName: firefox, browserVersion: 56.0, javascriptEnabled: true, moz:accessibilityChecks: false, moz:headless: false, moz:processID: 10840, moz:profile: C:\Users\Easy solutions\App..., pageLoadStrategy: normal, platform: XP, platformName: XP, platformVersion: 10.0, rotatable: false, specificationLevel: 0, timeouts: {implicit: 0, pageLoad: 300000, script: 30000}}
Session ID: 8b8782eb-8cf7-4069-97c5-740818ea8be0
	at org.openqa.selenium.remote.http.W3CHttpResponseCodec.createException(W3CHttpResponseCodec.java:187)
	at org.openqa.selenium.remote.http.W3CHttpResponseCodec.decode(W3CHttpResponseCodec.java:122)
	at org.openqa.selenium.remote.http.W3CHttpResponseCodec.decode(W3CHttpResponseCodec.java:49)
	at org.openqa.selenium.remote.HttpCommandExecutor.execute(HttpCommandExecutor.java:158)
	at org.openqa.selenium.remote.service.DriverCommandExecutor.execute(DriverCommandExecutor.java:83)
	at org.openqa.selenium.remote.RemoteWebDriver.execute(RemoteWebDriver.java:543)
	at org.openqa.selenium.remote.RemoteWebDriver.get(RemoteWebDriver.java:271)
	at com.eDocs.SanityTesting.UniversalSettings.productgrouping(UniversalSettings.java:552)
... Removed 29 stack frames</div></td></tr></table><p class="totop"><a href="#summary">back to summary</a></p>
<h3 id="m6">com.eDocs.SanityTesting.UniversalSettings#Login</h3><table class="result"><tr><th class="invisible"/></tr></table><p class="totop"><a href="#summary">back to summary</a></p>
</body>
</html>
