<?xml version="1.0" encoding="UTF-8"?>
<!-- Generated by org.testng.reporters.JUnitXMLReporter -->
<testsuite hostname="ezs013" ignored="0" name="Equipment Group" tests="14" failures="1" timestamp="20 Aug 2018 08:50:45 GMT" time="68.322" errors="0">
  <testcase name="nameEmpty" time="7.936" classname="com.eDocs.EquipmentGroup.EquipmentGroupName"/>
  <testcase name="nameMaxFieldLength" time="2.155" classname="com.eDocs.EquipmentGroup.EquipmentGroupName"/>
  <testcase name="nameSpecialChar" time="2.093" classname="com.eDocs.EquipmentGroup.EquipmentGroupName"/>
  <testcase name="nameBeginingSpaceCheck" time="2.694" classname="com.eDocs.EquipmentGroup.EquipmentGroupName"/>
  <testcase name="Emptyfeature" time="5.45" classname="com.eDocs.EquipmentGroup.EquipmentGroupOtherFields"/>
  <testcase name="EmptyEquipmentSelection" time="4.529" classname="com.eDocs.EquipmentGroup.EquipmentGroupOtherFields"/>
  <testcase name="singleEquipmentSelection" time="9.227" classname="com.eDocs.EquipmentGroup.EquipmentGroupOtherFields"/>
  <testcase name="EmptyNoofRuns" time="5.737" classname="com.eDocs.EquipmentGroup.EquipmentGroupOtherFields"/>
  <testcase name="EmptyProtocolDocID" time="5.737" classname="com.eDocs.EquipmentGroup.EquipmentGroupOtherFields"/>
  <testcase name="reportIDMaxLength" time="3.227" classname="com.eDocs.EquipmentGroup.EquipmentGroupOtherFields"/>
  <testcase name="worstcaseProductEmpty" time="5.103" classname="com.eDocs.EquipmentGroup.EquipmentGroupOtherFields"/>
  <testcase name="LessthanONENoofRuns" time="5.185" classname="com.eDocs.EquipmentGroup.EquipmentGroupOtherFields"/>
  <testcase name="saveEquipmentGroup" time="5.188" classname="com.eDocs.EquipmentGroup.EquipmentGroupOtherFields"/>
  <testcase name="SingleDeleteEquipmentGroup" time="3.972" classname="com.eDocs.EquipmentGroup.EquipmentGroupDelete">
    <failure type="org.openqa.selenium.NoSuchElementException" message="Unable to locate element: #dLabel
For documentation on this error, please visit: http://seleniumhq.org/exceptions/no_such_element.html
Build info: version: &amp;apos;3.12.0&amp;apos;, revision: &amp;apos;7c6e0b3&amp;apos;, time: &amp;apos;2018-05-08T15:15:03.216Z&amp;apos;
System info: host: &amp;apos;EZS013&amp;apos;, ip: &amp;apos;192.168.1.45&amp;apos;, os.name: &amp;apos;Windows 8.1&amp;apos;, os.arch: &amp;apos;amd64&amp;apos;, os.version: &amp;apos;6.3&amp;apos;, java.version: &amp;apos;1.8.0_05&amp;apos;
Driver info: org.openqa.selenium.firefox.FirefoxDriver
Capabilities {acceptInsecureCerts: true, browserName: firefox, browserVersion: 56.0, javascriptEnabled: true, moz:accessibilityChecks: false, moz:headless: false, moz:processID: 6964, moz:profile: C:\Users\Easy solutions\App..., pageLoadStrategy: normal, platform: XP, platformName: XP, platformVersion: 10.0, rotatable: false, specificationLevel: 0, timeouts: {implicit: 0, pageLoad: 300000, script: 30000}}
Session ID: 4ab17ebd-bada-476c-900b-09d366f10ede
*** Element info: {Using=id, value=dLabel}">
      <![CDATA[org.openqa.selenium.NoSuchElementException: Unable to locate element: #dLabel
For documentation on this error, please visit: http://seleniumhq.org/exceptions/no_such_element.html
Build info: version: '3.12.0', revision: '7c6e0b3', time: '2018-05-08T15:15:03.216Z'
System info: host: 'EZS013', ip: '192.168.1.45', os.name: 'Windows 8.1', os.arch: 'amd64', os.version: '6.3', java.version: '1.8.0_05'
Driver info: org.openqa.selenium.firefox.FirefoxDriver
Capabilities {acceptInsecureCerts: true, browserName: firefox, browserVersion: 56.0, javascriptEnabled: true, moz:accessibilityChecks: false, moz:headless: false, moz:processID: 6964, moz:profile: C:\Users\Easy solutions\App..., pageLoadStrategy: normal, platform: XP, platformName: XP, platformVersion: 10.0, rotatable: false, specificationLevel: 0, timeouts: {implicit: 0, pageLoad: 300000, script: 30000}}
Session ID: 4ab17ebd-bada-476c-900b-09d366f10ede
*** Element info: {Using=id, value=dLabel}
	at org.openqa.selenium.remote.http.W3CHttpResponseCodec.createException(W3CHttpResponseCodec.java:187)
	at org.openqa.selenium.remote.http.W3CHttpResponseCodec.decode(W3CHttpResponseCodec.java:122)
	at org.openqa.selenium.remote.http.W3CHttpResponseCodec.decode(W3CHttpResponseCodec.java:49)
	at org.openqa.selenium.remote.HttpCommandExecutor.execute(HttpCommandExecutor.java:158)
	at org.openqa.selenium.remote.service.DriverCommandExecutor.execute(DriverCommandExecutor.java:83)
	at org.openqa.selenium.remote.RemoteWebDriver.execute(RemoteWebDriver.java:543)
	at org.openqa.selenium.remote.RemoteWebDriver.findElement(RemoteWebDriver.java:317)
	at org.openqa.selenium.remote.RemoteWebDriver.findElementById(RemoteWebDriver.java:363)
	at org.openqa.selenium.By$ById.findElement(By.java:188)
	at org.openqa.selenium.remote.RemoteWebDriver.findElement(RemoteWebDriver.java:309)
	at com.eDocs.EquipmentGroup.EquipmentGroupDelete.SingleDeleteEquipmentGroup(EquipmentGroupDelete.java:26)
... Removed 29 stack frames]]>
    </failure>
  </testcase> <!-- SingleDeleteEquipmentGroup -->
</testsuite> <!-- Equipment Group -->
