<?xml version="1.0" encoding="UTF-8"?>
<!-- Generated by org.testng.reporters.JUnitXMLReporter -->
<testsuite hostname="ezs013" ignored="0" name="Product Solid Negative TestCase" tests="66" failures="6" timestamp="20 Aug 2018 07:44:40 GMT" time="227.67" errors="0">
  <testcase name="nameEmpty" time="11.178" classname="com.eDocs.SolidProduct.ProductName"/>
  <testcase name="nameMaxFieldLength" time="3.632" classname="com.eDocs.SolidProduct.ProductName"/>
  <testcase name="nameSpecialChar" time="3.578" classname="com.eDocs.SolidProduct.ProductName"/>
  <testcase name="nameBeginingSpaceCheck" time="4.101" classname="com.eDocs.SolidProduct.ProductName"/>
  <testcase name="productIDMaxLength" time="3.714" classname="com.eDocs.SolidProduct.ProductName"/>
  <testcase name="finishedDosageFormEmpty" time="4.534" classname="com.eDocs.SolidProduct.ProductName"/>
  <testcase name="finishedDosageFormCREATEEmpty" time="5.93" classname="com.eDocs.SolidProduct.ProductName"/>
  <testcase name="finishedDosageFormDuplicate" time="5.084" classname="com.eDocs.SolidProduct.ProductName"/>
  <testcase name="finishedDosageFormCREATEMaxLength" time="4.229" classname="com.eDocs.SolidProduct.ProductName"/>
  <testcase name="finishedDosageFormCREATESuccess" time="5.148" classname="com.eDocs.SolidProduct.ProductName"/>
  <testcase name="finishedDosageFormDeleteSuccess" time="5.826" classname="com.eDocs.SolidProduct.ProductName"/>
  <testcase name="ActiveEmpty" time="5.172" classname="com.eDocs.SolidProduct.ProductName"/>
  <testcase name="productDoseEmpty" time="3.55" classname="com.eDocs.SolidProduct.ProductDose"/>
  <testcase name="productDoseZERO" time="2.933" classname="com.eDocs.SolidProduct.ProductDose"/>
  <testcase name="productDoseMaxLength" time="3.57" classname="com.eDocs.SolidProduct.ProductDose"/>
  <testcase name="productDoseAlphabetsTest" time="3.543" classname="com.eDocs.SolidProduct.ProductDose"/>
  <testcase name="productDoseSpaceTest" time="3.515" classname="com.eDocs.SolidProduct.ProductDose"/>
  <testcase name="productDoseMultiDecimalTest" time="3.598" classname="com.eDocs.SolidProduct.ProductDose"/>
  <testcase name="NumericEmptyTest" time="3.533" classname="com.eDocs.SolidProduct.ProductMaxDailyDose"/>
  <testcase name="NumericZEROTest" time="3.013" classname="com.eDocs.SolidProduct.ProductMaxDailyDose"/>
  <testcase name="NumericMaxLengthTest" time="3.577" classname="com.eDocs.SolidProduct.ProductMaxDailyDose"/>
  <testcase name="numericFieldAlphabetsCheckTest" time="3.629" classname="com.eDocs.SolidProduct.ProductMaxDailyDose"/>
  <testcase name="numericSpaceCheckTest" time="3.539" classname="com.eDocs.SolidProduct.ProductMaxDailyDose"/>
  <testcase name="numericMultiDecimalTest" time="3.576" classname="com.eDocs.SolidProduct.ProductMaxDailyDose"/>
  <testcase name="NumericZEROTest" time="2.965" classname="com.eDocs.SolidProduct.ProductMaxDose"/>
  <testcase name="NumericMaxLengthTest" time="3.585" classname="com.eDocs.SolidProduct.ProductMaxDose"/>
  <testcase name="numericFieldAlphabetsCheckTest" time="3.554" classname="com.eDocs.SolidProduct.ProductMaxDose"/>
  <testcase name="numericSpaceCheckTest" time="3.561" classname="com.eDocs.SolidProduct.ProductMaxDose"/>
  <testcase name="numericMultiDecimalTest" time="4.047" classname="com.eDocs.SolidProduct.ProductMaxDose"/>
  <testcase name="NumericEmptyTest" time="3.561" classname="com.eDocs.SolidProduct.ProductMinBatch"/>
  <testcase name="NumericZEROTest" time="2.955" classname="com.eDocs.SolidProduct.ProductMinBatch"/>
  <testcase name="NumericMaxLengthTest" time="3.553" classname="com.eDocs.SolidProduct.ProductMinBatch"/>
  <testcase name="numericFieldAlphabetsCheckTest" time="3.528" classname="com.eDocs.SolidProduct.ProductMinBatch"/>
  <testcase name="numericSpaceCheckTest" time="3.547" classname="com.eDocs.SolidProduct.ProductMinBatch"/>
  <testcase name="numericMultiDecimalTest" time="3.645" classname="com.eDocs.SolidProduct.ProductMinBatch"/>
  <testcase name="NumericMaxLengthTest" time="2.038" classname="com.eDocs.SolidProduct.ProductBioBurden"/>
  <testcase name="numericFieldAlphabetsCheckTest" time="0.393" classname="com.eDocs.SolidProduct.ProductBioBurden"/>
  <testcase name="numericSpaceCheckTest" time="0.359" classname="com.eDocs.SolidProduct.ProductBioBurden"/>
  <testcase name="numericMultiDecimalTest" time="0.35" classname="com.eDocs.SolidProduct.ProductBioBurden"/>
  <testcase name="MinDDEmptyTest" time="4.64" classname="com.eDocs.SolidProduct.ProductBasisofCalculation"/>
  <testcase name="MinDDZEROTest" time="2.962" classname="com.eDocs.SolidProduct.ProductBasisofCalculation"/>
  <testcase name="MinDDMaxLengthTest" time="3.624" classname="com.eDocs.SolidProduct.ProductBasisofCalculation"/>
  <testcase name="MinDDAlphabetsTest" time="3.549" classname="com.eDocs.SolidProduct.ProductBasisofCalculation"/>
  <testcase name="MinDDSpaceTest" time="3.533" classname="com.eDocs.SolidProduct.ProductBasisofCalculation"/>
  <testcase name="MinDDMultiDecimalTest" time="3.526" classname="com.eDocs.SolidProduct.ProductBasisofCalculation"/>
  <testcase name="ActiveConcenZEROTest" time="2.93" classname="com.eDocs.SolidProduct.ProductBasisofCalculation"/>
  <testcase name="ActiveConcenMaxLengthTest" time="3.543" classname="com.eDocs.SolidProduct.ProductBasisofCalculation"/>
  <testcase name="ActiveConcenAlphabetsTest" time="3.543" classname="com.eDocs.SolidProduct.ProductBasisofCalculation"/>
  <testcase name="ActiveConcenSpaceTest" time="3.537" classname="com.eDocs.SolidProduct.ProductBasisofCalculation"/>
  <testcase name="ActiveConcenMultiDecimalTest" time="3.531" classname="com.eDocs.SolidProduct.ProductBasisofCalculation"/>
  <testcase name="DoseofActiveZEROTest" time="2.942" classname="com.eDocs.SolidProduct.ProductBasisofCalculation"/>
  <testcase name="DoseofActiveMaxLengthTest" time="3.558" classname="com.eDocs.SolidProduct.ProductBasisofCalculation"/>
  <testcase name="DoseofActiveAlphabetsTest" time="3.522" classname="com.eDocs.SolidProduct.ProductBasisofCalculation"/>
  <testcase name="DoseofActiveSpaceTest" time="3.565" classname="com.eDocs.SolidProduct.ProductBasisofCalculation"/>
  <testcase name="DoseofActiveMultiDecimalTest" time="3.528" classname="com.eDocs.SolidProduct.ProductBasisofCalculation"/>
  <testcase name="MinnoofDoseZEROTest" time="2.935" classname="com.eDocs.SolidProduct.ProductBasisofCalculation"/>
  <testcase name="MinnoofDoseMaxLengthTest" time="3.565" classname="com.eDocs.SolidProduct.ProductBasisofCalculation"/>
  <testcase name="MinnoofDoseAlphabetsTest" time="3.557" classname="com.eDocs.SolidProduct.ProductBasisofCalculation"/>
  <testcase name="MinnoofDoseSpaceTest" time="3.554" classname="com.eDocs.SolidProduct.ProductBasisofCalculation"/>
  <testcase name="MinnoofDoseMultiDecimalTest" time="5.317" classname="com.eDocs.SolidProduct.ProductBasisofCalculation"/>
  <testcase name="worstcaseRatingEmptyTest" time="1.202" classname="com.eDocs.SolidProduct.ProductWorstCaseRating">
    <failure type="org.openqa.selenium.ElementNotInteractableException" message="
Build info: version: &amp;apos;3.12.0&amp;apos;, revision: &amp;apos;7c6e0b3&amp;apos;, time: &amp;apos;2018-05-08T15:15:03.216Z&amp;apos;
System info: host: &amp;apos;EZS013&amp;apos;, ip: &amp;apos;192.168.1.45&amp;apos;, os.name: &amp;apos;Windows 8.1&amp;apos;, os.arch: &amp;apos;amd64&amp;apos;, os.version: &amp;apos;6.3&amp;apos;, java.version: &amp;apos;1.8.0_05&amp;apos;
Driver info: org.openqa.selenium.firefox.FirefoxDriver
Capabilities {acceptInsecureCerts: true, browserName: firefox, browserVersion: 56.0, javascriptEnabled: true, moz:accessibilityChecks: false, moz:headless: false, moz:processID: 3636, moz:profile: C:\Users\Easy solutions\App..., pageLoadStrategy: normal, platform: XP, platformName: XP, platformVersion: 10.0, rotatable: false, specificationLevel: 0, timeouts: {implicit: 0, pageLoad: 300000, script: 30000}}
Session ID: 1ac49d28-ca88-4c81-807a-3924a7488991">
      <![CDATA[org.openqa.selenium.ElementNotInteractableException: 
Build info: version: '3.12.0', revision: '7c6e0b3', time: '2018-05-08T15:15:03.216Z'
System info: host: 'EZS013', ip: '192.168.1.45', os.name: 'Windows 8.1', os.arch: 'amd64', os.version: '6.3', java.version: '1.8.0_05'
Driver info: org.openqa.selenium.firefox.FirefoxDriver
Capabilities {acceptInsecureCerts: true, browserName: firefox, browserVersion: 56.0, javascriptEnabled: true, moz:accessibilityChecks: false, moz:headless: false, moz:processID: 3636, moz:profile: C:\Users\Easy solutions\App..., pageLoadStrategy: normal, platform: XP, platformName: XP, platformVersion: 10.0, rotatable: false, specificationLevel: 0, timeouts: {implicit: 0, pageLoad: 300000, script: 30000}}
Session ID: 1ac49d28-ca88-4c81-807a-3924a7488991
	at org.openqa.selenium.remote.http.W3CHttpResponseCodec.createException(W3CHttpResponseCodec.java:187)
	at org.openqa.selenium.remote.http.W3CHttpResponseCodec.decode(W3CHttpResponseCodec.java:122)
	at org.openqa.selenium.remote.http.W3CHttpResponseCodec.decode(W3CHttpResponseCodec.java:49)
	at org.openqa.selenium.remote.HttpCommandExecutor.execute(HttpCommandExecutor.java:158)
	at org.openqa.selenium.remote.service.DriverCommandExecutor.execute(DriverCommandExecutor.java:83)
	at org.openqa.selenium.remote.RemoteWebDriver.execute(RemoteWebDriver.java:543)
	at org.openqa.selenium.remote.RemoteWebElement.execute(RemoteWebElement.java:276)
	at org.openqa.selenium.remote.RemoteWebElement.click(RemoteWebElement.java:83)
	at com.eDocs.CommonValidation.NumericValidation.NumericEmpty(NumericValidation.java:124)
	at com.eDocs.SolidProduct.ProductWorstCaseRating.worstcaseRatingEmptyTest(ProductWorstCaseRating.java:28)
... Removed 29 stack frames]]>
    </failure>
  </testcase> <!-- worstcaseRatingEmptyTest -->
  <testcase name="worstcaseRatingSelection" time="0.445" classname="com.eDocs.SolidProduct.ProductWorstCaseRating">
    <failure type="org.openqa.selenium.ElementNotInteractableException" message="
Build info: version: &amp;apos;3.12.0&amp;apos;, revision: &amp;apos;7c6e0b3&amp;apos;, time: &amp;apos;2018-05-08T15:15:03.216Z&amp;apos;
System info: host: &amp;apos;EZS013&amp;apos;, ip: &amp;apos;192.168.1.45&amp;apos;, os.name: &amp;apos;Windows 8.1&amp;apos;, os.arch: &amp;apos;amd64&amp;apos;, os.version: &amp;apos;6.3&amp;apos;, java.version: &amp;apos;1.8.0_05&amp;apos;
Driver info: org.openqa.selenium.firefox.FirefoxDriver
Capabilities {acceptInsecureCerts: true, browserName: firefox, browserVersion: 56.0, javascriptEnabled: true, moz:accessibilityChecks: false, moz:headless: false, moz:processID: 3636, moz:profile: C:\Users\Easy solutions\App..., pageLoadStrategy: normal, platform: XP, platformName: XP, platformVersion: 10.0, rotatable: false, specificationLevel: 0, timeouts: {implicit: 0, pageLoad: 300000, script: 30000}}
Session ID: 1ac49d28-ca88-4c81-807a-3924a7488991">
      <![CDATA[org.openqa.selenium.ElementNotInteractableException: 
Build info: version: '3.12.0', revision: '7c6e0b3', time: '2018-05-08T15:15:03.216Z'
System info: host: 'EZS013', ip: '192.168.1.45', os.name: 'Windows 8.1', os.arch: 'amd64', os.version: '6.3', java.version: '1.8.0_05'
Driver info: org.openqa.selenium.firefox.FirefoxDriver
Capabilities {acceptInsecureCerts: true, browserName: firefox, browserVersion: 56.0, javascriptEnabled: true, moz:accessibilityChecks: false, moz:headless: false, moz:processID: 3636, moz:profile: C:\Users\Easy solutions\App..., pageLoadStrategy: normal, platform: XP, platformName: XP, platformVersion: 10.0, rotatable: false, specificationLevel: 0, timeouts: {implicit: 0, pageLoad: 300000, script: 30000}}
Session ID: 1ac49d28-ca88-4c81-807a-3924a7488991
	at org.openqa.selenium.remote.http.W3CHttpResponseCodec.createException(W3CHttpResponseCodec.java:187)
	at org.openqa.selenium.remote.http.W3CHttpResponseCodec.decode(W3CHttpResponseCodec.java:122)
	at org.openqa.selenium.remote.http.W3CHttpResponseCodec.decode(W3CHttpResponseCodec.java:49)
	at org.openqa.selenium.remote.HttpCommandExecutor.execute(HttpCommandExecutor.java:158)
	at org.openqa.selenium.remote.service.DriverCommandExecutor.execute(DriverCommandExecutor.java:83)
	at org.openqa.selenium.remote.RemoteWebDriver.execute(RemoteWebDriver.java:543)
	at org.openqa.selenium.remote.RemoteWebElement.execute(RemoteWebElement.java:276)
	at org.openqa.selenium.remote.RemoteWebElement.click(RemoteWebElement.java:83)
	at com.eDocs.SolidProduct.ProductWorstCaseRating.worstcaseRatingSelection(ProductWorstCaseRating.java:42)
... Removed 29 stack frames]]>
    </failure>
  </testcase> <!-- worstcaseRatingSelection -->
  <testcase name="EquipmentSetSelectionOptionEmpty" time="1.678" classname="com.eDocs.SolidProduct.ProductEquipmentSelection">
    <failure type="org.openqa.selenium.ElementNotInteractableException" message="
Build info: version: &amp;apos;3.12.0&amp;apos;, revision: &amp;apos;7c6e0b3&amp;apos;, time: &amp;apos;2018-05-08T15:15:03.216Z&amp;apos;
System info: host: &amp;apos;EZS013&amp;apos;, ip: &amp;apos;192.168.1.45&amp;apos;, os.name: &amp;apos;Windows 8.1&amp;apos;, os.arch: &amp;apos;amd64&amp;apos;, os.version: &amp;apos;6.3&amp;apos;, java.version: &amp;apos;1.8.0_05&amp;apos;
Driver info: org.openqa.selenium.firefox.FirefoxDriver
Capabilities {acceptInsecureCerts: true, browserName: firefox, browserVersion: 56.0, javascriptEnabled: true, moz:accessibilityChecks: false, moz:headless: false, moz:processID: 3636, moz:profile: C:\Users\Easy solutions\App..., pageLoadStrategy: normal, platform: XP, platformName: XP, platformVersion: 10.0, rotatable: false, specificationLevel: 0, timeouts: {implicit: 0, pageLoad: 300000, script: 30000}}
Session ID: 1ac49d28-ca88-4c81-807a-3924a7488991">
      <![CDATA[org.openqa.selenium.ElementNotInteractableException: 
Build info: version: '3.12.0', revision: '7c6e0b3', time: '2018-05-08T15:15:03.216Z'
System info: host: 'EZS013', ip: '192.168.1.45', os.name: 'Windows 8.1', os.arch: 'amd64', os.version: '6.3', java.version: '1.8.0_05'
Driver info: org.openqa.selenium.firefox.FirefoxDriver
Capabilities {acceptInsecureCerts: true, browserName: firefox, browserVersion: 56.0, javascriptEnabled: true, moz:accessibilityChecks: false, moz:headless: false, moz:processID: 3636, moz:profile: C:\Users\Easy solutions\App..., pageLoadStrategy: normal, platform: XP, platformName: XP, platformVersion: 10.0, rotatable: false, specificationLevel: 0, timeouts: {implicit: 0, pageLoad: 300000, script: 30000}}
Session ID: 1ac49d28-ca88-4c81-807a-3924a7488991
	at org.openqa.selenium.remote.http.W3CHttpResponseCodec.createException(W3CHttpResponseCodec.java:187)
	at org.openqa.selenium.remote.http.W3CHttpResponseCodec.decode(W3CHttpResponseCodec.java:122)
	at org.openqa.selenium.remote.http.W3CHttpResponseCodec.decode(W3CHttpResponseCodec.java:49)
	at org.openqa.selenium.remote.HttpCommandExecutor.execute(HttpCommandExecutor.java:158)
	at org.openqa.selenium.remote.service.DriverCommandExecutor.execute(DriverCommandExecutor.java:83)
	at org.openqa.selenium.remote.RemoteWebDriver.execute(RemoteWebDriver.java:543)
	at org.openqa.selenium.remote.RemoteWebElement.execute(RemoteWebElement.java:276)
	at org.openqa.selenium.remote.RemoteWebElement.click(RemoteWebElement.java:83)
	at com.eDocs.CommonValidation.AlphaNumericValidation.AlphaNumericEmpty(AlphaNumericValidation.java:106)
	at com.eDocs.SolidProduct.ProductEquipmentSelection.EquipmentSetSelectionOptionEmpty(ProductEquipmentSelection.java:30)
... Removed 29 stack frames]]>
    </failure>
  </testcase> <!-- EquipmentSetSelectionOptionEmpty -->
  <testcase name="EquipmentSetEmpty" time="0.025" classname="com.eDocs.SolidProduct.ProductEquipmentSelection">
    <failure type="org.openqa.selenium.ElementNotInteractableException" message="
Build info: version: &amp;apos;3.12.0&amp;apos;, revision: &amp;apos;7c6e0b3&amp;apos;, time: &amp;apos;2018-05-08T15:15:03.216Z&amp;apos;
System info: host: &amp;apos;EZS013&amp;apos;, ip: &amp;apos;192.168.1.45&amp;apos;, os.name: &amp;apos;Windows 8.1&amp;apos;, os.arch: &amp;apos;amd64&amp;apos;, os.version: &amp;apos;6.3&amp;apos;, java.version: &amp;apos;1.8.0_05&amp;apos;
Driver info: org.openqa.selenium.firefox.FirefoxDriver
Capabilities {acceptInsecureCerts: true, browserName: firefox, browserVersion: 56.0, javascriptEnabled: true, moz:accessibilityChecks: false, moz:headless: false, moz:processID: 3636, moz:profile: C:\Users\Easy solutions\App..., pageLoadStrategy: normal, platform: XP, platformName: XP, platformVersion: 10.0, rotatable: false, specificationLevel: 0, timeouts: {implicit: 0, pageLoad: 300000, script: 30000}}
Session ID: 1ac49d28-ca88-4c81-807a-3924a7488991">
      <![CDATA[org.openqa.selenium.ElementNotInteractableException: 
Build info: version: '3.12.0', revision: '7c6e0b3', time: '2018-05-08T15:15:03.216Z'
System info: host: 'EZS013', ip: '192.168.1.45', os.name: 'Windows 8.1', os.arch: 'amd64', os.version: '6.3', java.version: '1.8.0_05'
Driver info: org.openqa.selenium.firefox.FirefoxDriver
Capabilities {acceptInsecureCerts: true, browserName: firefox, browserVersion: 56.0, javascriptEnabled: true, moz:accessibilityChecks: false, moz:headless: false, moz:processID: 3636, moz:profile: C:\Users\Easy solutions\App..., pageLoadStrategy: normal, platform: XP, platformName: XP, platformVersion: 10.0, rotatable: false, specificationLevel: 0, timeouts: {implicit: 0, pageLoad: 300000, script: 30000}}
Session ID: 1ac49d28-ca88-4c81-807a-3924a7488991
	at org.openqa.selenium.remote.http.W3CHttpResponseCodec.createException(W3CHttpResponseCodec.java:187)
	at org.openqa.selenium.remote.http.W3CHttpResponseCodec.decode(W3CHttpResponseCodec.java:122)
	at org.openqa.selenium.remote.http.W3CHttpResponseCodec.decode(W3CHttpResponseCodec.java:49)
	at org.openqa.selenium.remote.HttpCommandExecutor.execute(HttpCommandExecutor.java:158)
	at org.openqa.selenium.remote.service.DriverCommandExecutor.execute(DriverCommandExecutor.java:83)
	at org.openqa.selenium.remote.RemoteWebDriver.execute(RemoteWebDriver.java:543)
	at org.openqa.selenium.remote.RemoteWebElement.execute(RemoteWebElement.java:276)
	at org.openqa.selenium.remote.RemoteWebElement.click(RemoteWebElement.java:83)
	at com.eDocs.SolidProduct.ProductEquipmentSelection.EquipmentSetEmpty(ProductEquipmentSelection.java:38)
... Removed 29 stack frames]]>
    </failure>
  </testcase> <!-- EquipmentSetEmpty -->
  <testcase name="productSave" time="0.542" classname="com.eDocs.SolidProduct.ProductEquipmentSelection">
    <failure type="org.openqa.selenium.ElementNotInteractableException" message="Element is not visible
Build info: version: &amp;apos;3.12.0&amp;apos;, revision: &amp;apos;7c6e0b3&amp;apos;, time: &amp;apos;2018-05-08T15:15:03.216Z&amp;apos;
System info: host: &amp;apos;EZS013&amp;apos;, ip: &amp;apos;192.168.1.45&amp;apos;, os.name: &amp;apos;Windows 8.1&amp;apos;, os.arch: &amp;apos;amd64&amp;apos;, os.version: &amp;apos;6.3&amp;apos;, java.version: &amp;apos;1.8.0_05&amp;apos;
Driver info: org.openqa.selenium.firefox.FirefoxDriver
Capabilities {acceptInsecureCerts: true, browserName: firefox, browserVersion: 56.0, javascriptEnabled: true, moz:accessibilityChecks: false, moz:headless: false, moz:processID: 3636, moz:profile: C:\Users\Easy solutions\App..., pageLoadStrategy: normal, platform: XP, platformName: XP, platformVersion: 10.0, rotatable: false, specificationLevel: 0, timeouts: {implicit: 0, pageLoad: 300000, script: 30000}}
Session ID: 1ac49d28-ca88-4c81-807a-3924a7488991">
      <![CDATA[org.openqa.selenium.ElementNotInteractableException: Element is not visible
Build info: version: '3.12.0', revision: '7c6e0b3', time: '2018-05-08T15:15:03.216Z'
System info: host: 'EZS013', ip: '192.168.1.45', os.name: 'Windows 8.1', os.arch: 'amd64', os.version: '6.3', java.version: '1.8.0_05'
Driver info: org.openqa.selenium.firefox.FirefoxDriver
Capabilities {acceptInsecureCerts: true, browserName: firefox, browserVersion: 56.0, javascriptEnabled: true, moz:accessibilityChecks: false, moz:headless: false, moz:processID: 3636, moz:profile: C:\Users\Easy solutions\App..., pageLoadStrategy: normal, platform: XP, platformName: XP, platformVersion: 10.0, rotatable: false, specificationLevel: 0, timeouts: {implicit: 0, pageLoad: 300000, script: 30000}}
Session ID: 1ac49d28-ca88-4c81-807a-3924a7488991
	at org.openqa.selenium.remote.http.W3CHttpResponseCodec.createException(W3CHttpResponseCodec.java:187)
	at org.openqa.selenium.remote.http.W3CHttpResponseCodec.decode(W3CHttpResponseCodec.java:122)
	at org.openqa.selenium.remote.http.W3CHttpResponseCodec.decode(W3CHttpResponseCodec.java:49)
	at org.openqa.selenium.remote.HttpCommandExecutor.execute(HttpCommandExecutor.java:158)
	at org.openqa.selenium.remote.service.DriverCommandExecutor.execute(DriverCommandExecutor.java:83)
	at org.openqa.selenium.remote.RemoteWebDriver.execute(RemoteWebDriver.java:543)
	at org.openqa.selenium.remote.RemoteWebElement.execute(RemoteWebElement.java:276)
	at org.openqa.selenium.remote.RemoteWebElement.sendKeys(RemoteWebElement.java:100)
	at com.eDocs.SolidProduct.ProductEquipmentSelection.productSave(ProductEquipmentSelection.java:49)
... Removed 29 stack frames]]>
    </failure>
  </testcase> <!-- productSave -->
  <testcase name="DeleteProduct" time="2.812" classname="com.eDocs.SolidProduct.ProductDelete">
    <failure type="org.openqa.selenium.ElementNotInteractableException" message="
Build info: version: &amp;apos;3.12.0&amp;apos;, revision: &amp;apos;7c6e0b3&amp;apos;, time: &amp;apos;2018-05-08T15:15:03.216Z&amp;apos;
System info: host: &amp;apos;EZS013&amp;apos;, ip: &amp;apos;192.168.1.45&amp;apos;, os.name: &amp;apos;Windows 8.1&amp;apos;, os.arch: &amp;apos;amd64&amp;apos;, os.version: &amp;apos;6.3&amp;apos;, java.version: &amp;apos;1.8.0_05&amp;apos;
Driver info: org.openqa.selenium.firefox.FirefoxDriver
Capabilities {acceptInsecureCerts: true, browserName: firefox, browserVersion: 56.0, javascriptEnabled: true, moz:accessibilityChecks: false, moz:headless: false, moz:processID: 3636, moz:profile: C:\Users\Easy solutions\App..., pageLoadStrategy: normal, platform: XP, platformName: XP, platformVersion: 10.0, rotatable: false, specificationLevel: 0, timeouts: {implicit: 0, pageLoad: 300000, script: 30000}}
Session ID: 1ac49d28-ca88-4c81-807a-3924a7488991">
      <![CDATA[org.openqa.selenium.ElementNotInteractableException: 
Build info: version: '3.12.0', revision: '7c6e0b3', time: '2018-05-08T15:15:03.216Z'
System info: host: 'EZS013', ip: '192.168.1.45', os.name: 'Windows 8.1', os.arch: 'amd64', os.version: '6.3', java.version: '1.8.0_05'
Driver info: org.openqa.selenium.firefox.FirefoxDriver
Capabilities {acceptInsecureCerts: true, browserName: firefox, browserVersion: 56.0, javascriptEnabled: true, moz:accessibilityChecks: false, moz:headless: false, moz:processID: 3636, moz:profile: C:\Users\Easy solutions\App..., pageLoadStrategy: normal, platform: XP, platformName: XP, platformVersion: 10.0, rotatable: false, specificationLevel: 0, timeouts: {implicit: 0, pageLoad: 300000, script: 30000}}
Session ID: 1ac49d28-ca88-4c81-807a-3924a7488991
	at org.openqa.selenium.remote.http.W3CHttpResponseCodec.createException(W3CHttpResponseCodec.java:187)
	at org.openqa.selenium.remote.http.W3CHttpResponseCodec.decode(W3CHttpResponseCodec.java:122)
	at org.openqa.selenium.remote.http.W3CHttpResponseCodec.decode(W3CHttpResponseCodec.java:49)
	at org.openqa.selenium.remote.HttpCommandExecutor.execute(HttpCommandExecutor.java:158)
	at org.openqa.selenium.remote.service.DriverCommandExecutor.execute(DriverCommandExecutor.java:83)
	at org.openqa.selenium.remote.RemoteWebDriver.execute(RemoteWebDriver.java:543)
	at org.openqa.selenium.remote.RemoteWebElement.execute(RemoteWebElement.java:276)
	at org.openqa.selenium.remote.RemoteWebElement.click(RemoteWebElement.java:83)
	at com.eDocs.SolidProduct.ProductDelete.DeleteProduct(ProductDelete.java:26)
... Removed 29 stack frames]]>
    </failure>
  </testcase> <!-- DeleteProduct -->
</testsuite> <!-- Product Solid Negative TestCase -->
