<?xml version="1.0" encoding="UTF-8"?>
<!-- Generated by org.testng.reporters.JUnitReportReporter -->
<testsuite skipped="0" hostname="ezs013" name="com.eDocs.Users.UserCreate" tests="29" failures="0" timestamp="06 Aug 2018 10:38:51 GMT" time="133.450" errors="1">
  <testcase name="nameEmpty" time="12.287" classname="com.eDocs.Users.UserCreate"/>
  <testcase name="Login" time="7.313" classname="com.eDocs.Users.UserCreate"/>
  <testcase name="nameMaxFieldLength" time="4.298" classname="com.eDocs.Users.UserCreate"/>
  <testcase name="nameSpecialChar" time="4.273" classname="com.eDocs.Users.UserCreate"/>
  <testcase name="nameBeginingSpaceCheck" time="4.574" classname="com.eDocs.Users.UserCreate"/>
  <testcase name="employeeIDEmpty" time="4.739" classname="com.eDocs.Users.UserCreate"/>
  <testcase name="employeeIDMaxFieldLength" time="3.931" classname="com.eDocs.Users.UserCreate"/>
  <testcase name="employeeIDSpaceatBegining" time="4.341" classname="com.eDocs.Users.UserCreate"/>
  <testcase name="firstNameEmpty" time="4.741" classname="com.eDocs.Users.UserCreate"/>
  <testcase name="firstNameMaxFieldLength" time="3.839" classname="com.eDocs.Users.UserCreate"/>
  <testcase name="firstNameSpaceatBegining" time="4.519" classname="com.eDocs.Users.UserCreate"/>
  <testcase name="lastNameEmpty" time="4.758" classname="com.eDocs.Users.UserCreate"/>
  <testcase name="lastNameMaxFieldLength" time="3.978" classname="com.eDocs.Users.UserCreate"/>
  <testcase name="lastNameSpaceatBegining" time="4.194" classname="com.eDocs.Users.UserCreate"/>
  <testcase name="telePhEmpty" time="4.658" classname="com.eDocs.Users.UserCreate"/>
  <testcase name="telePhMaxFieldLength" time="3.746" classname="com.eDocs.Users.UserCreate"/>
  <testcase name="telePhSpaceatBegining" time="4.327" classname="com.eDocs.Users.UserCreate"/>
  <testcase name="emailEmpty" time="4.758" classname="com.eDocs.Users.UserCreate"/>
  <testcase name="emailMaxFieldLength" time="3.777" classname="com.eDocs.Users.UserCreate"/>
  <testcase name="emailInvalid" time="4.210" classname="com.eDocs.Users.UserCreate"/>
  <testcase name="emailInvalidwithspace" time="4.226" classname="com.eDocs.Users.UserCreate"/>
  <testcase name="emailInvalidwrongDomains" time="4.178" classname="com.eDocs.Users.UserCreate"/>
  <testcase name="emailSpaceatBegining" time="4.289" classname="com.eDocs.Users.UserCreate"/>
  <testcase name="departmentCreateEmpty" time="2.016" classname="com.eDocs.Users.UserCreate">
    <error type="org.openqa.selenium.ElementNotInteractableException" message="
Build info: version: &#039;3.12.0&#039;, revision: &#039;7c6e0b3&#039;, time: &#039;2018-05-08T15:15:03.216Z&#039;
System info: host: &#039;EZS013&#039;, ip: &#039;192.168.1.45&#039;, os.name: &#039;Windows 8.1&#039;, os.arch: &#039;amd64&#039;, os.version: &#039;6.3&#039;, java.version: &#039;1.8.0_05&#039;
Driver info: org.openqa.selenium.firefox.FirefoxDriver
Capabilities {acceptInsecureCerts: true, browserName: firefox, browserVersion: 56.0, javascriptEnabled: true, moz:accessibilityChecks: false, moz:headless: false, moz:processID: 3964, moz:profile: C:\Users\Easy solutions\App..., pageLoadStrategy: normal, platform: XP, platformName: XP, platformVersion: 10.0, rotatable: false, specificationLevel: 0, timeouts: {implicit: 0, pageLoad: 300000, script: 30000}}
Session ID: 88e31950-4bbe-40b1-9a87-65c81d90ea78">
      <![CDATA[org.openqa.selenium.ElementNotInteractableException: 
Build info: version: '3.12.0', revision: '7c6e0b3', time: '2018-05-08T15:15:03.216Z'
System info: host: 'EZS013', ip: '192.168.1.45', os.name: 'Windows 8.1', os.arch: 'amd64', os.version: '6.3', java.version: '1.8.0_05'
Driver info: org.openqa.selenium.firefox.FirefoxDriver
Capabilities {acceptInsecureCerts: true, browserName: firefox, browserVersion: 56.0, javascriptEnabled: true, moz:accessibilityChecks: false, moz:headless: false, moz:processID: 3964, moz:profile: C:\Users\Easy solutions\App..., pageLoadStrategy: normal, platform: XP, platformName: XP, platformVersion: 10.0, rotatable: false, specificationLevel: 0, timeouts: {implicit: 0, pageLoad: 300000, script: 30000}}
Session ID: 88e31950-4bbe-40b1-9a87-65c81d90ea78
	at sun.reflect.NativeConstructorAccessorImpl.newInstance0(Native Method)
	at sun.reflect.NativeConstructorAccessorImpl.newInstance(NativeConstructorAccessorImpl.java:62)
	at sun.reflect.DelegatingConstructorAccessorImpl.newInstance(DelegatingConstructorAccessorImpl.java:45)
	at java.lang.reflect.Constructor.newInstance(Constructor.java:408)
	at org.openqa.selenium.remote.http.W3CHttpResponseCodec.createException(W3CHttpResponseCodec.java:187)
	at org.openqa.selenium.remote.http.W3CHttpResponseCodec.decode(W3CHttpResponseCodec.java:122)
	at org.openqa.selenium.remote.http.W3CHttpResponseCodec.decode(W3CHttpResponseCodec.java:49)
	at org.openqa.selenium.remote.HttpCommandExecutor.execute(HttpCommandExecutor.java:158)
	at org.openqa.selenium.remote.service.DriverCommandExecutor.execute(DriverCommandExecutor.java:83)
	at org.openqa.selenium.remote.RemoteWebDriver.execute(RemoteWebDriver.java:543)
	at org.openqa.selenium.remote.RemoteWebElement.execute(RemoteWebElement.java:276)
	at org.openqa.selenium.remote.RemoteWebElement.click(RemoteWebElement.java:83)
	at com.eDocs.CommonValidation.AlphaNumericValidation.AlphaNumericEmpty(AlphaNumericValidation.java:106)
	at com.eDocs.Users.UserCreate.departmentCreateEmpty(UserCreate.java:266)
	at sun.reflect.NativeMethodAccessorImpl.invoke0(Native Method)
	at sun.reflect.NativeMethodAccessorImpl.invoke(NativeMethodAccessorImpl.java:62)
	at sun.reflect.DelegatingMethodAccessorImpl.invoke(DelegatingMethodAccessorImpl.java:43)
	at java.lang.reflect.Method.invoke(Method.java:483)
	at org.testng.internal.MethodInvocationHelper.invokeMethod(MethodInvocationHelper.java:108)
	at org.testng.internal.Invoker.invokeMethod(Invoker.java:669)
	at org.testng.internal.Invoker.invokeTestMethod(Invoker.java:877)
	at org.testng.internal.Invoker.invokeTestMethods(Invoker.java:1201)
	at org.testng.internal.TestMethodWorker.invokeTestMethods(TestMethodWorker.java:125)
	at org.testng.internal.TestMethodWorker.run(TestMethodWorker.java:109)
	at org.testng.TestRunner.privateRun(TestRunner.java:776)
	at org.testng.TestRunner.run(TestRunner.java:634)
	at org.testng.SuiteRunner.runTest(SuiteRunner.java:425)
	at org.testng.SuiteRunner.runSequentially(SuiteRunner.java:420)
	at org.testng.SuiteRunner.privateRun(SuiteRunner.java:385)
	at org.testng.SuiteRunner.run(SuiteRunner.java:334)
	at org.testng.SuiteRunnerWorker.runSuite(SuiteRunnerWorker.java:52)
	at org.testng.SuiteRunnerWorker.run(SuiteRunnerWorker.java:86)
	at org.testng.TestNG.runSuitesSequentially(TestNG.java:1318)
	at org.testng.TestNG.runSuitesLocally(TestNG.java:1243)
	at org.testng.TestNG.runSuites(TestNG.java:1161)
	at org.testng.TestNG.run(TestNG.java:1129)
	at org.testng.remote.AbstractRemoteTestNG.run(AbstractRemoteTestNG.java:114)
	at org.testng.remote.RemoteTestNG.initAndRun(RemoteTestNG.java:251)
	at org.testng.remote.RemoteTestNG.main(RemoteTestNG.java:77)
]]>
    </error>
  </testcase> <!-- departmentCreateEmpty -->
  <testcase name="departmentCreateMaxFieldLength" time="3.702" classname="com.eDocs.Users.UserCreate"/>
  <testcase name="departmentCreateSuccess" time="4.210" classname="com.eDocs.Users.UserCreate"/>
  <testcase name="departmentdeleteSuccess" time="4.859" classname="com.eDocs.Users.UserCreate"/>
  <testcase name="groupEmptyTest" time="4.780" classname="com.eDocs.Users.UserCreate"/>
  <testcase name="userCreate" time="3.929" classname="com.eDocs.Users.UserCreate"/>
</testsuite> <!-- com.eDocs.Users.UserCreate -->
